0 info it worked if it ends with ok
1 verbose cli [ '/Users/mikiishijima/.nodebrew/node/v7.4.0/bin/node',
1 verbose cli   '/Users/mikiishijima/.nodebrew/current/bin/npm',
1 verbose cli   'run',
1 verbose cli   'lint',
1 verbose cli   'docs/sample.txt' ]
2 info using npm@4.1.1
3 info using node@v7.4.0
4 verbose run-script [ 'prelint', 'lint', 'postlint' ]
5 info lifecycle veryeasy-webdesign@1.0.0~prelint: veryeasy-webdesign@1.0.0
6 silly lifecycle veryeasy-webdesign@1.0.0~prelint: no script for prelint, continuing
7 info lifecycle veryeasy-webdesign@1.0.0~lint: veryeasy-webdesign@1.0.0
8 verbose lifecycle veryeasy-webdesign@1.0.0~lint: unsafe-perm in lifecycle true
9 verbose lifecycle veryeasy-webdesign@1.0.0~lint: PATH: /Users/mikiishijima/.nodebrew/node/v7.4.0/lib/node_modules/npm/bin/node-gyp-bin:/Users/mikiishijima/Code/veryeasy-webdesign/node_modules/.bin:/Users/mikiishijima/.nodebrew/current/bin:/usr/local/bin:/usr/bin:/bin:/usr/sbin:/sbin:/Library/Frameworks/Mono.framework/Versions/Current/Commands
10 verbose lifecycle veryeasy-webdesign@1.0.0~lint: CWD: /Users/mikiishijima/Code/veryeasy-webdesign
11 silly lifecycle veryeasy-webdesign@1.0.0~lint: Args: [ '-c', 'textlint "docs/sample.txt"' ]
12 silly lifecycle veryeasy-webdesign@1.0.0~lint: Returned: code: 1  signal: null
13 info lifecycle veryeasy-webdesign@1.0.0~lint: Failed to exec lint script
14 verbose stack Error: veryeasy-webdesign@1.0.0 lint: `textlint "docs/sample.txt"`
14 verbose stack Exit status 1
14 verbose stack     at EventEmitter.<anonymous> (/Users/mikiishijima/.nodebrew/node/v7.4.0/lib/node_modules/npm/lib/utils/lifecycle.js:279:16)
14 verbose stack     at emitTwo (events.js:106:13)
14 verbose stack     at EventEmitter.emit (events.js:191:7)
14 verbose stack     at ChildProcess.<anonymous> (/Users/mikiishijima/.nodebrew/node/v7.4.0/lib/node_modules/npm/lib/utils/spawn.js:40:14)
14 verbose stack     at emitTwo (events.js:106:13)
14 verbose stack     at ChildProcess.emit (events.js:191:7)
14 verbose stack     at maybeClose (internal/child_process.js:885:16)
14 verbose stack     at Process.ChildProcess._handle.onexit (internal/child_process.js:226:5)
15 verbose pkgid veryeasy-webdesign@1.0.0
16 verbose cwd /Users/mikiishijima/Code/veryeasy-webdesign
17 error Darwin 18.2.0
18 error argv "/Users/mikiishijima/.nodebrew/node/v7.4.0/bin/node" "/Users/mikiishijima/.nodebrew/current/bin/npm" "run" "lint" "docs/sample.txt"
19 error node v7.4.0
20 error npm  v4.1.1
21 error code ELIFECYCLE
22 error veryeasy-webdesign@1.0.0 lint: `textlint "docs/sample.txt"`
22 error Exit status 1
23 error Failed at the veryeasy-webdesign@1.0.0 lint script 'textlint "docs/sample.txt"'.
23 error Make sure you have the latest version of node.js and npm installed.
23 error If you do, this is most likely a problem with the veryeasy-webdesign package,
23 error not with npm itself.
23 error Tell the author that this fails on your system:
23 error     textlint "docs/sample.txt"
23 error You can get information on how to open an issue for this project with:
23 error     npm bugs veryeasy-webdesign
23 error Or if that isn't available, you can get their info via:
23 error     npm owner ls veryeasy-webdesign
23 error There is likely additional logging output above.
24 verbose exit [ 1, true ]
